<?xml version="1.0" encoding="UTF-8"?>
<testsuite xmlns:xsi="http://www.w3.org/2001/XMLSchema-instance" xsi:noNamespaceSchemaLocation="https://maven.apache.org/surefire/maven-surefire-plugin/xsd/surefire-test-report.xsd" name="amdocs.challenge.challenge4.ApplicationTests" time="6.296" tests="4" errors="0" skipped="0" failures="0">
  <properties>
[...]
</properties>
  <testcase name="shouldHandleGetNotFound" classname="amdocs.challenge.challenge4.ApplicationTests" time="0.125"/>
  <testcase name="shouldAllowUsToFindArticles" classname="amdocs.challenge.challenge4.ApplicationTests" time="0.172"/>
  <testcase name="shouldRetrieveNothingFromEmptyDatabase" classname="amdocs.challenge.challenge4.ApplicationTests" time="0.019"/>
  <testcase name="shouldRetrievePostedArticles" classname="amdocs.challenge.challenge4.ApplicationTests" time="0.015"/>
</testsuite>